<?xml version="1.0" encoding="UTF-8"?>
<!-- Generated by org.testng.reporters.JUnitReportReporter -->
<testsuite hostname="DESKTOP-MLOMP2I" failures="0" tests="1" name="sampleTests.DemoTest" time="0.027" errors="0" timestamp="2022-09-15T12:36:38 IST" skipped="0">
  <testcase classname="sampleTests.DemoTest" name="demoTest" time="0.027"/>
  <system-out/>
</testsuite> <!-- sampleTests.DemoTest -->
