<?xml version="1.0" encoding="UTF-8"?>
<!-- Generated by org.testng.reporters.JUnitReportReporter -->
<testsuite hostname="DESKTOP-MLOMP2I" failures="0" tests="1" name="sampleTests.DemoTest" time="0.023" errors="0" timestamp="2022-09-08T14:26:01 IST" skipped="0">
  <testcase classname="sampleTests.DemoTest" name="demoTest" time="0.023"/>
  <system-out/>
</testsuite> <!-- sampleTests.DemoTest -->
