<?xml version="1.0" encoding="UTF-8"?>
<!-- Generated by org.testng.reporters.JUnitReportReporter -->
<testsuite hostname="DESKTOP-MLOMP2I" failures="0" tests="1" name="SampleTests.Demo" time="0.026" errors="0" timestamp="2022-09-16T10:22:48 IST" skipped="0">
  <testcase classname="SampleTests.Demo" name="demoTest" time="0.026"/>
  <system-out/>
</testsuite> <!-- SampleTests.Demo -->
