<?xml version="1.0" encoding="UTF-8"?>
<!-- Generated by org.testng.reporters.JUnitReportReporter -->
<testsuite hostname="DESKTOP-MLOMP2I" failures="0" tests="3" name="ddt.OrganizationTest" time="0.039" errors="0" timestamp="2022-09-15T20:12:04 IST" skipped="0">
  <testcase classname="ddt.OrganizationTest" name="deleteOrgTest" time="0.024"/>
  <system-out/>
  <testcase classname="ddt.OrganizationTest" name="organisationTest" time="0.007"/>
  <system-out/>
  <testcase classname="ddt.OrganizationTest" name="modifyOrgTest" time="0.008"/>
  <system-out/>
</testsuite> <!-- ddt.OrganizationTest -->
