<?xml version="1.0" encoding="UTF-8"?>
<!-- Generated by org.testng.reporters.JUnitReportReporter -->
<testsuite hostname="DESKTOP-MLOMP2I" failures="0" tests="1" name="ddt.ReadDataFromCmdLineTest" time="0.024" errors="0" timestamp="2022-09-15T20:12:45 IST" skipped="0">
  <testcase classname="ddt.ReadDataFromCmdLineTest" name="readData" time="0.024"/>
  <system-out/>
</testsuite> <!-- ddt.ReadDataFromCmdLineTest -->
