<?xml version="1.0" encoding="UTF-8"?>
<!-- Generated by org.testng.reporters.JUnitReportReporter -->
<testsuite hostname="DESKTOP-MLOMP2I" failures="0" tests="1" name="ddt.ContactTest" time="0.033" errors="0" timestamp="2022-09-16T10:20:10 IST" skipped="0">
  <testcase classname="ddt.ContactTest" name="contactTest" time="0.033"/>
  <system-out/>
</testsuite> <!-- ddt.ContactTest -->
