<?xml version="1.0" encoding="UTF-8"?>
<!-- Generated by org.testng.reporters.JUnitReportReporter -->
<testsuite hostname="DESKTOP-MLOMP2I" failures="0" tests="1" name="SampleTests.SampleTest" time="0.024" errors="0" timestamp="2022-09-16T10:23:22 IST" skipped="0">
  <testcase classname="SampleTests.SampleTest" name="sampleTest" time="0.024"/>
  <system-out/>
</testsuite> <!-- SampleTests.SampleTest -->
